<?xml version="1.0" encoding="UTF-8"?>
<testsuite name="pattern.prototype.ProtoTypeTest" tests="2" skipped="0" failures="0" errors="0" timestamp="2022-07-24T02:07:16" hostname="6161990srcui-MacBookPro.local" time="0.01">
  <properties/>
  <testcase name="깊은복사()" classname="pattern.prototype.ProtoTypeTest" time="0.009"/>
  <testcase name="얕은복사()" classname="pattern.prototype.ProtoTypeTest" time="0.001"/>
  <system-out><![CDATA[]]></system-out>
  <system-err><![CDATA[]]></system-err>
</testsuite>
