<?xml version="1.0" encoding="UTF-8"?>
<testsuite name="pattern.Bridge.BridgeTest" tests="4" skipped="0" failures="0" errors="0" timestamp="2022-07-24T02:07:16" hostname="6161990srcui-MacBookPro.local" time="0.006">
  <properties/>
  <testcase name="Bridge패턴을_이용해_Array로_Queue를_구현합니다()" classname="pattern.Bridge.BridgeTest" time="0.003"/>
  <testcase name="Bridge패턴을_이용해_LinkedList로_Queue를_구현합니다()" classname="pattern.Bridge.BridgeTest" time="0.001"/>
  <testcase name="Bridge패턴을_이용해_Array로_Stack을_구현합니다()" classname="pattern.Bridge.BridgeTest" time="0.001"/>
  <testcase name="Bridge패턴을_이용해_LinkedList로_Stack을_구현합니다()" classname="pattern.Bridge.BridgeTest" time="0.0"/>
  <system-out><![CDATA[Queue 를 구현합니다.
Queue 를 구현합니다.
Stack 를 구현합니다.
Stack 를 구현합니다.
]]></system-out>
  <system-err><![CDATA[]]></system-err>
</testsuite>
