<?xml version="1.0" encoding="UTF-8"?>
<testsuite name="pattern.templateMethod.TemplateMethodTest" tests="4" skipped="0" failures="0" errors="0" timestamp="2022-07-24T02:07:16" hostname="6161990srcui-MacBookPro.local" time="0.025">
  <properties/>
  <testcase name="[1] 1" classname="pattern.templateMethod.TemplateMethodTest" time="0.016"/>
  <testcase name="[2] 3" classname="pattern.templateMethod.TemplateMethodTest" time="0.001"/>
  <testcase name="[3] 7" classname="pattern.templateMethod.TemplateMethodTest" time="0.001"/>
  <testcase name="superLevel은_훅_메소드를_구현하여_fly_합니다()" classname="pattern.templateMethod.TemplateMethodTest" time="0.001"/>
  <system-out><![CDATA[running slowly
can't jump
can't turn
running slowly
can't jump
can't jump
can't jump
can't turn
running slowly
can't jump
can't jump
can't jump
can't jump
can't jump
can't jump
can't jump
can't turn
running super fast!
jumping higher!
turning faster!
fly fly fly~
]]></system-out>
  <system-err><![CDATA[]]></system-err>
</testsuite>
