<?xml version="1.0" encoding="UTF-8"?>
<testsuite name="pattern.adapter.AdapterTest" tests="1" skipped="0" failures="0" errors="0" timestamp="2022-07-24T02:07:16" hostname="6161990srcui-MacBookPro.local" time="0.004">
  <properties/>
  <testcase name="어뎁터_패턴을_이용하여_프린트를_구현()" classname="pattern.adapter.AdapterTest" time="0.004"/>
  <system-out><![CDATA[]]></system-out>
  <system-err><![CDATA[]]></system-err>
</testsuite>
